<?xml version="1.0" encoding="UTF-8"?>
<!-- Generated by org.testng.reporters.JUnitReportReporter -->
<testsuite hostname="SIPL92" failures="0" tests="1" name="mnx_Tracking.TrackingTest" time="369.867" errors="0" timestamp="2024-06-11T22:45:22 IST" skipped="0">
  <testcase classname="mnx_Tracking.TrackingTest" name="test_Tracking" time="369.867"/>
  <system-out/>
</testsuite> <!-- mnx_Tracking.TrackingTest -->
