<?xml version="1.0" encoding="UTF-8"?>
<!-- Generated by org.testng.reporters.JUnitReportReporter -->
<testsuite hostname="SIPL92" failures="0" tests="1" name="mnx_Tracking.TrackingTest" time="504.706" errors="0" timestamp="2024-06-12T12:34:32 IST" skipped="0">
  <testcase classname="mnx_Tracking.TrackingTest" name="test_Tracking" time="504.706"/>
  <system-out/>
</testsuite> <!-- mnx_Tracking.TrackingTest -->
