<?xml version="1.0" encoding="UTF-8"?>
<!-- Generated by org.testng.reporters.JUnitReportReporter -->
<testsuite hostname="SIPL92" failures="0" tests="1" name="mnx_Tracking.TrackingTest" time="316.838" errors="0" timestamp="2024-06-27T18:04:39 IST" skipped="0">
  <testcase classname="mnx_Tracking.TrackingTest" name="test_Tracking" time="316.838"/>
  <system-out/>
</testsuite> <!-- mnx_Tracking.TrackingTest -->
